TN:
SF:controllers\ReportController.js
FN:28,(anonymous_0)
FN:89,(anonymous_1)
FN:113,(anonymous_2)
FNF:3
FNH:3
FNDA:11,(anonymous_0)
FNDA:4,(anonymous_1)
FNDA:6,(anonymous_2)
DA:14,1
DA:15,1
DA:18,1
DA:19,1
DA:20,1
DA:23,1
DA:24,1
DA:26,1
DA:29,11
DA:30,11
DA:33,11
DA:34,1
DA:37,10
DA:38,1
DA:43,9
DA:44,2
DA:49,7
DA:50,1
DA:55,6
DA:56,2
DA:61,4
DA:62,2
DA:66,2
DA:67,2
DA:70,2
DA:78,0
DA:83,2
DA:84,2
DA:90,4
DA:91,4
DA:92,4
DA:99,4
DA:100,4
DA:101,4
DA:103,4
DA:105,4
DA:107,0
DA:108,0
DA:114,6
DA:115,6
DA:116,6
DA:118,6
DA:119,1
DA:122,5
DA:124,2
DA:129,3
DA:130,3
DA:132,3
DA:133,3
LF:49
LH:46
BRDA:33,0,0,1
BRDA:33,0,1,10
BRDA:37,1,0,1
BRDA:37,1,1,9
BRDA:43,2,0,2
BRDA:43,2,1,7
BRDA:43,3,0,9
BRDA:43,3,1,8
BRDA:49,4,0,1
BRDA:49,4,1,6
BRDA:55,5,0,2
BRDA:55,5,1,4
BRDA:55,6,0,6
BRDA:55,6,1,5
BRDA:61,7,0,2
BRDA:61,7,1,2
BRDA:61,8,0,4
BRDA:61,8,1,3
BRDA:83,9,0,0
BRDA:83,9,1,2
BRDA:99,10,0,1
BRDA:99,10,1,3
BRDA:100,11,0,0
BRDA:100,11,1,4
BRDA:101,12,0,1
BRDA:101,12,1,3
BRDA:118,13,0,1
BRDA:118,13,1,5
BRDA:130,14,0,3
BRDA:130,14,1,2
BRDA:132,15,0,0
BRDA:132,15,1,3
BRDA:132,16,0,1
BRDA:132,16,1,2
BRF:34
BRH:31
end_of_record
TN:
SF:models\Report.js
FNF:0
FNH:0
DA:1,3
DA:2,3
DA:20,3
DA:28,3
DA:30,3
DA:66,3
DA:68,3
LF:7
LH:7
BRF:0
BRH:0
end_of_record
TN:
SF:routers\ReportRouters.js
FNF:0
FNH:0
DA:12,1
DA:14,1
DA:15,1
DA:17,1
DA:18,1
DA:19,1
DA:21,1
LF:7
LH:7
BRF:0
BRH:0
end_of_record
TN:
SF:usecases\CreateReport.js
FN:23,(anonymous_0)
FNF:1
FNH:1
FNDA:4,(anonymous_0)
DA:11,2
DA:12,2
DA:25,4
DA:29,1
DA:32,3
DA:43,3
DA:47,2
LF:7
LH:7
BRDA:25,0,0,1
BRDA:25,0,1,3
BRDA:26,1,0,4
BRDA:26,1,1,2
BRF:4
BRH:4
end_of_record
TN:
SF:usecases\ListReports.js
FN:18,(anonymous_0)
FN:27,(anonymous_1)
FNF:2
FNH:2
FNDA:45,(anonymous_0)
FNDA:15,(anonymous_1)
DA:11,2
DA:12,2
DA:14,2
DA:18,45
DA:28,15
DA:30,15
DA:34,2
DA:37,15
DA:38,1
DA:41,15
DA:42,2
DA:47,15
DA:52,2
LF:13
LH:13
BRDA:27,0,0,3
BRDA:30,1,0,2
BRDA:30,1,1,13
BRDA:31,2,0,15
BRDA:31,2,1,3
BRDA:37,3,0,1
BRDA:37,3,1,14
BRDA:37,4,0,15
BRDA:37,4,1,2
BRDA:41,5,0,2
BRDA:41,5,1,13
BRDA:41,6,0,15
BRDA:41,6,1,2
BRF:13
BRH:13
end_of_record
TN:
SF:usecases\UpdateReportStatus.js
FN:20,(anonymous_0)
FNF:1
FNH:1
FNDA:11,(anonymous_0)
DA:10,2
DA:11,2
DA:21,11
DA:22,2
DA:25,9
DA:26,2
DA:29,7
DA:30,7
DA:31,2
DA:34,5
DA:35,5
DA:40,2
LF:12
LH:12
BRDA:21,0,0,2
BRDA:21,0,1,9
BRDA:25,1,0,2
BRDA:25,1,1,7
BRDA:30,2,0,2
BRDA:30,2,1,5
BRF:6
BRH:6
end_of_record
